[ 2017-05-10T15:50:06+08:00 ] ::1 /Loveinn/
INFO: [ app_init ] --START--
INFO: Run Behavior\BuildLiteBehavior [ RunTime:0.000014s ]
INFO: [ app_init ] --END-- [ RunTime:0.010874s ]
INFO: [ app_begin ] --START--
INFO: Run Behavior\ReadHtmlCacheBehavior [ RunTime:0.016462s ]
INFO: [ app_begin ] --END-- [ RunTime:0.016518s ]
SQL: SHOW COLUMNS FROM `agency` [ RunTime:0.0285s ]
SQL: SELECT * FROM `agency` WHERE ( username='333' )  [ RunTime:0.0019s ]
SQL: SHOW COLUMNS FROM `volunteer` [ RunTime:0.0197s ]
SQL: SELECT * FROM `volunteer` ORDER BY id  [ RunTime:0.0005s ]
INFO: [ view_parse ] --START--
NOTIC: [2] file_get_contents(./Application/Home/View/Public/header.html): failed to open stream: No such file or directory D:\Apache24\htdocs\LoveInn\ThinkPHP\Library\Think\Template.class.php 第 696 行.
NOTIC: [2] file_get_contents(./Application/Home/View/Public/footer.html): failed to open stream: No such file or directory D:\Apache24\htdocs\LoveInn\ThinkPHP\Library\Think\Template.class.php 第 696 行.
INFO: [ template_filter ] --START--
INFO: Run Behavior\ContentReplaceBehavior [ RunTime:0.000070s ]
INFO: [ template_filter ] --END-- [ RunTime:0.000106s ]
INFO: Run Behavior\ParseTemplateBehavior [ RunTime:0.230600s ]
INFO: [ view_parse ] --END-- [ RunTime:0.230666s ]
INFO: [ view_filter ] --START--
INFO: Run Behavior\WriteHtmlCacheBehavior [ RunTime:0.014067s ]
INFO: [ view_filter ] --END-- [ RunTime:0.014109s ]
INFO: [ app_end ] --START--
INFO: Run Behavior\ShowPageTraceBehavior [ RunTime:0.007997s ]
INFO: [ app_end ] --END-- [ RunTime:0.008036s ]

[ 2017-05-10T15:50:08+08:00 ] ::1 /Loveinn/index.php/Home/Index/a_activities.html
INFO: [ app_init ] --START--
INFO: Run Behavior\BuildLiteBehavior [ RunTime:0.000018s ]
INFO: [ app_init ] --END-- [ RunTime:0.000312s ]
INFO: [ app_begin ] --START--
INFO: Run Behavior\ReadHtmlCacheBehavior [ RunTime:0.000300s ]
INFO: [ app_begin ] --END-- [ RunTime:0.000324s ]
SQL: SHOW COLUMNS FROM `agency` [ RunTime:0.0119s ]
SQL: SELECT * FROM `agency` WHERE ( username='333' )  [ RunTime:0.0003s ]
SQL: SHOW COLUMNS FROM `activity` [ RunTime:0.0190s ]
SQL: SHOW COLUMNS FROM `category` [ RunTime:0.0164s ]
SQL: SELECT activity.id AS id,activity.name AS name,activity.summary AS summary,activity.info AS info,activity.photo AS photo,activity.begintime AS begintime,activity.endtime AS endtime,activity.location AS location,activity.contact AS contact,activity.capacity AS capacity,activity.isend AS isend,category.name AS category_name,agency.name AS agency_name,agency.username AS agency_username FROM activity activity  JOIN category category ON activity.categoryid=category.id  JOIN agency agency ON activity.agencyid=agency.id WHERE ( username="333" and isend=0 ) ORDER BY activity.begintime ASC  [ RunTime:0.0049s ]
SQL: SELECT activity.id AS id,activity.name AS name,activity.summary AS summary,activity.info AS info,activity.photo AS photo,activity.begintime AS begintime,activity.endtime AS endtime,activity.location AS location,activity.contact AS contact,activity.capacity AS capacity,activity.isend AS isend,category.name AS category_name,agency.name AS agency_name,agency.username AS agency_username FROM activity activity  JOIN category category ON activity.categoryid=category.id  JOIN agency agency ON activity.agencyid=agency.id WHERE ( username="333" and isend=1 ) ORDER BY activity.endtime desc  [ RunTime:0.0005s ]
INFO: [ view_parse ] --START--
NOTIC: [2] file_get_contents(./Application/Home/View/Public/header.html): failed to open stream: No such file or directory D:\Apache24\htdocs\LoveInn\ThinkPHP\Library\Think\Template.class.php 第 696 行.
NOTIC: [2] file_get_contents(./Application/Home/View/Public/footer.html): failed to open stream: No such file or directory D:\Apache24\htdocs\LoveInn\ThinkPHP\Library\Think\Template.class.php 第 696 行.
INFO: [ template_filter ] --START--
INFO: Run Behavior\ContentReplaceBehavior [ RunTime:0.000114s ]
INFO: [ template_filter ] --END-- [ RunTime:0.000175s ]
INFO: Run Behavior\ParseTemplateBehavior [ RunTime:0.085646s ]
INFO: [ view_parse ] --END-- [ RunTime:0.085701s ]
INFO: [ view_filter ] --START--
INFO: Run Behavior\WriteHtmlCacheBehavior [ RunTime:0.000212s ]
INFO: [ view_filter ] --END-- [ RunTime:0.000240s ]
INFO: [ app_end ] --START--
INFO: Run Behavior\ShowPageTraceBehavior [ RunTime:0.000374s ]
INFO: [ app_end ] --END-- [ RunTime:0.000406s ]

[ 2017-05-10T15:50:12+08:00 ] ::1 /Loveinn/index.php/Home/Index/a_activity.html
INFO: [ app_init ] --START--
INFO: Run Behavior\BuildLiteBehavior [ RunTime:0.000010s ]
INFO: [ app_init ] --END-- [ RunTime:0.000283s ]
INFO: [ app_begin ] --START--
INFO: Run Behavior\ReadHtmlCacheBehavior [ RunTime:0.000277s ]
INFO: [ app_begin ] --END-- [ RunTime:0.000301s ]
SQL: SHOW COLUMNS FROM `agency` [ RunTime:0.0130s ]
SQL: SELECT * FROM `agency` WHERE ( username='333' )  [ RunTime:0.0003s ]
SQL: SHOW COLUMNS FROM `category` [ RunTime:0.0076s ]
SQL: SELECT * FROM `category`  [ RunTime:0.0002s ]
INFO: [ view_parse ] --START--
NOTIC: [2] file_get_contents(./Application/Home/View/Public/header.html): failed to open stream: No such file or directory D:\Apache24\htdocs\LoveInn\ThinkPHP\Library\Think\Template.class.php 第 696 行.
NOTIC: [2] file_get_contents(./Application/Home/View/Public/footer.html): failed to open stream: No such file or directory D:\Apache24\htdocs\LoveInn\ThinkPHP\Library\Think\Template.class.php 第 696 行.
INFO: [ template_filter ] --START--
INFO: Run Behavior\ContentReplaceBehavior [ RunTime:0.000098s ]
INFO: [ template_filter ] --END-- [ RunTime:0.000142s ]
NOTIC: [8] Undefined index: name D:\Apache24\htdocs\LoveInn\Application\Runtime\Cache\Home\402766046ad39e7b7cf592fcc4df65b0.php 第 227 行.
NOTIC: [8] Undefined index: begintime D:\Apache24\htdocs\LoveInn\Application\Runtime\Cache\Home\402766046ad39e7b7cf592fcc4df65b0.php 第 233 行.
NOTIC: [8] Undefined index: endtime D:\Apache24\htdocs\LoveInn\Application\Runtime\Cache\Home\402766046ad39e7b7cf592fcc4df65b0.php 第 239 行.
NOTIC: [8] Undefined index: location D:\Apache24\htdocs\LoveInn\Application\Runtime\Cache\Home\402766046ad39e7b7cf592fcc4df65b0.php 第 245 行.
NOTIC: [8] Undefined index: contact D:\Apache24\htdocs\LoveInn\Application\Runtime\Cache\Home\402766046ad39e7b7cf592fcc4df65b0.php 第 251 行.
NOTIC: [8] Undefined index: capacity D:\Apache24\htdocs\LoveInn\Application\Runtime\Cache\Home\402766046ad39e7b7cf592fcc4df65b0.php 第 257 行.
NOTIC: [8] Undefined index: selected D:\Apache24\htdocs\LoveInn\Application\Runtime\Cache\Home\402766046ad39e7b7cf592fcc4df65b0.php 第 264 行.
NOTIC: [8] Undefined index: selected D:\Apache24\htdocs\LoveInn\Application\Runtime\Cache\Home\402766046ad39e7b7cf592fcc4df65b0.php 第 264 行.
NOTIC: [8] Undefined index: selected D:\Apache24\htdocs\LoveInn\Application\Runtime\Cache\Home\402766046ad39e7b7cf592fcc4df65b0.php 第 264 行.
NOTIC: [8] Undefined index: selected D:\Apache24\htdocs\LoveInn\Application\Runtime\Cache\Home\402766046ad39e7b7cf592fcc4df65b0.php 第 264 行.
NOTIC: [8] Undefined index: summary D:\Apache24\htdocs\LoveInn\Application\Runtime\Cache\Home\402766046ad39e7b7cf592fcc4df65b0.php 第 271 行.
NOTIC: [8] Undefined index: info D:\Apache24\htdocs\LoveInn\Application\Runtime\Cache\Home\402766046ad39e7b7cf592fcc4df65b0.php 第 277 行.
INFO: Run Behavior\ParseTemplateBehavior [ RunTime:0.076406s ]
INFO: [ view_parse ] --END-- [ RunTime:0.076434s ]
INFO: [ view_filter ] --START--
INFO: Run Behavior\WriteHtmlCacheBehavior [ RunTime:0.000196s ]
INFO: [ view_filter ] --END-- [ RunTime:0.000217s ]
INFO: [ app_end ] --START--
INFO: Run Behavior\ShowPageTraceBehavior [ RunTime:0.000478s ]
INFO: [ app_end ] --END-- [ RunTime:0.000509s ]

[ 2017-05-10T15:51:43+08:00 ] ::1 /Loveinn/index.php/Home/Index/a_activity.html
INFO: [ app_init ] --START--
INFO: Run Behavior\BuildLiteBehavior [ RunTime:0.000014s ]
INFO: [ app_init ] --END-- [ RunTime:0.000367s ]
INFO: [ app_begin ] --START--
INFO: Run Behavior\ReadHtmlCacheBehavior [ RunTime:0.000411s ]
INFO: [ app_begin ] --END-- [ RunTime:0.000453s ]
SQL: SHOW COLUMNS FROM `agency` [ RunTime:0.0158s ]
SQL: SELECT * FROM `agency` WHERE ( username='333' )  [ RunTime:0.0004s ]
SQL: SHOW COLUMNS FROM `category` [ RunTime:0.0106s ]
SQL: SELECT * FROM `category`  [ RunTime:0.0003s ]
INFO: [ view_parse ] --START--
NOTIC: [2] file_get_contents(./Application/Home/View/Public/header.html): failed to open stream: No such file or directory D:\Apache24\htdocs\LoveInn\ThinkPHP\Library\Think\Template.class.php 第 696 行.
NOTIC: [2] file_get_contents(./Application/Home/View/Public/footer.html): failed to open stream: No such file or directory D:\Apache24\htdocs\LoveInn\ThinkPHP\Library\Think\Template.class.php 第 696 行.
INFO: [ template_filter ] --START--
INFO: Run Behavior\ContentReplaceBehavior [ RunTime:0.000085s ]
INFO: [ template_filter ] --END-- [ RunTime:0.000115s ]
NOTIC: [8] Undefined index: name D:\Apache24\htdocs\LoveInn\Application\Runtime\Cache\Home\402766046ad39e7b7cf592fcc4df65b0.php 第 227 行.
NOTIC: [8] Undefined index: begintime D:\Apache24\htdocs\LoveInn\Application\Runtime\Cache\Home\402766046ad39e7b7cf592fcc4df65b0.php 第 233 行.
NOTIC: [8] Undefined index: endtime D:\Apache24\htdocs\LoveInn\Application\Runtime\Cache\Home\402766046ad39e7b7cf592fcc4df65b0.php 第 239 行.
NOTIC: [8] Undefined index: location D:\Apache24\htdocs\LoveInn\Application\Runtime\Cache\Home\402766046ad39e7b7cf592fcc4df65b0.php 第 245 行.
NOTIC: [8] Undefined index: contact D:\Apache24\htdocs\LoveInn\Application\Runtime\Cache\Home\402766046ad39e7b7cf592fcc4df65b0.php 第 251 行.
NOTIC: [8] Undefined index: capacity D:\Apache24\htdocs\LoveInn\Application\Runtime\Cache\Home\402766046ad39e7b7cf592fcc4df65b0.php 第 257 行.
NOTIC: [8] Undefined index: selected D:\Apache24\htdocs\LoveInn\Application\Runtime\Cache\Home\402766046ad39e7b7cf592fcc4df65b0.php 第 264 行.
NOTIC: [8] Undefined index: selected D:\Apache24\htdocs\LoveInn\Application\Runtime\Cache\Home\402766046ad39e7b7cf592fcc4df65b0.php 第 264 行.
NOTIC: [8] Undefined index: selected D:\Apache24\htdocs\LoveInn\Application\Runtime\Cache\Home\402766046ad39e7b7cf592fcc4df65b0.php 第 264 行.
NOTIC: [8] Undefined index: selected D:\Apache24\htdocs\LoveInn\Application\Runtime\Cache\Home\402766046ad39e7b7cf592fcc4df65b0.php 第 264 行.
NOTIC: [8] Undefined index: summary D:\Apache24\htdocs\LoveInn\Application\Runtime\Cache\Home\402766046ad39e7b7cf592fcc4df65b0.php 第 271 行.
NOTIC: [8] Undefined index: info D:\Apache24\htdocs\LoveInn\Application\Runtime\Cache\Home\402766046ad39e7b7cf592fcc4df65b0.php 第 277 行.
INFO: Run Behavior\ParseTemplateBehavior [ RunTime:0.073689s ]
INFO: [ view_parse ] --END-- [ RunTime:0.073725s ]
INFO: [ view_filter ] --START--
INFO: Run Behavior\WriteHtmlCacheBehavior [ RunTime:0.000245s ]
INFO: [ view_filter ] --END-- [ RunTime:0.000268s ]
SQL: SHOW COLUMNS FROM `activity` [ RunTime:0.0151s ]
NOTIC: [2] call_user_func() expects parameter 1 to be a valid callback, no array or string given D:\Apache24\htdocs\LoveInn\ThinkPHP\Library\Think\Upload.class.php 第 170 行.
SQL: SELECT `id` FROM `agency` WHERE ( username="333" ) LIMIT 1   [ RunTime:0.0003s ]
SQL: INSERT INTO `activity` (`name`,`begintime`,`endtime`,`location`,`contact`,`capacity`,`categoryid`,`summary`,`info`,`photo`,`agencyid`) VALUES ('33321','2017-05-10 08:40','2017-05-10 15:51','33123','123','11','2','3321','123','/LoveInn/Public/Uploads/2017-05-10/5912c68eeeb79.jpg','4') [ RunTime:0.0412s ]
SQL: SHOW COLUMNS FROM `apply` [ RunTime:0.0223s ]
SQL: SELECT apply.id AS id,apply.userid AS userid,apply.activityid AS activityid,activity.categoryid AS categoryid FROM apply apply  JOIN activity activity ON apply.activityid=activity.id WHERE apply.id = 'userid'  [ RunTime:0.0007s ]

[ 2017-05-10T15:51:44+08:00 ] ::1 /Loveinn/index.php/Home/Index/a_activities.html
INFO: [ app_init ] --START--
INFO: Run Behavior\BuildLiteBehavior [ RunTime:0.000010s ]
INFO: [ app_init ] --END-- [ RunTime:0.000440s ]
INFO: [ app_begin ] --START--
INFO: Run Behavior\ReadHtmlCacheBehavior [ RunTime:0.001210s ]
INFO: [ app_begin ] --END-- [ RunTime:0.001249s ]
SQL: SHOW COLUMNS FROM `agency` [ RunTime:0.0123s ]
SQL: SELECT * FROM `agency` WHERE ( username='333' )  [ RunTime:0.0004s ]
SQL: SHOW COLUMNS FROM `activity` [ RunTime:0.0099s ]
SQL: SHOW COLUMNS FROM `category` [ RunTime:0.0108s ]
SQL: SELECT activity.id AS id,activity.name AS name,activity.summary AS summary,activity.info AS info,activity.photo AS photo,activity.begintime AS begintime,activity.endtime AS endtime,activity.location AS location,activity.contact AS contact,activity.capacity AS capacity,activity.isend AS isend,category.name AS category_name,agency.name AS agency_name,agency.username AS agency_username FROM activity activity  JOIN category category ON activity.categoryid=category.id  JOIN agency agency ON activity.agencyid=agency.id WHERE ( username="333" and isend=0 ) ORDER BY activity.begintime ASC  [ RunTime:0.0006s ]
SQL: SELECT activity.id AS id,activity.name AS name,activity.summary AS summary,activity.info AS info,activity.photo AS photo,activity.begintime AS begintime,activity.endtime AS endtime,activity.location AS location,activity.contact AS contact,activity.capacity AS capacity,activity.isend AS isend,category.name AS category_name,agency.name AS agency_name,agency.username AS agency_username FROM activity activity  JOIN category category ON activity.categoryid=category.id  JOIN agency agency ON activity.agencyid=agency.id WHERE ( username="333" and isend=1 ) ORDER BY activity.endtime desc  [ RunTime:0.0004s ]
INFO: [ view_parse ] --START--
NOTIC: [2] file_get_contents(./Application/Home/View/Public/header.html): failed to open stream: No such file or directory D:\Apache24\htdocs\LoveInn\ThinkPHP\Library\Think\Template.class.php 第 696 行.
NOTIC: [2] file_get_contents(./Application/Home/View/Public/footer.html): failed to open stream: No such file or directory D:\Apache24\htdocs\LoveInn\ThinkPHP\Library\Think\Template.class.php 第 696 行.
INFO: [ template_filter ] --START--
INFO: Run Behavior\ContentReplaceBehavior [ RunTime:0.000114s ]
INFO: [ template_filter ] --END-- [ RunTime:0.000181s ]
INFO: Run Behavior\ParseTemplateBehavior [ RunTime:0.140282s ]
INFO: [ view_parse ] --END-- [ RunTime:0.140324s ]
INFO: [ view_filter ] --START--
INFO: Run Behavior\WriteHtmlCacheBehavior [ RunTime:0.001596s ]
INFO: [ view_filter ] --END-- [ RunTime:0.001660s ]
INFO: [ app_end ] --START--
INFO: Run Behavior\ShowPageTraceBehavior [ RunTime:0.002110s ]
INFO: [ app_end ] --END-- [ RunTime:0.002174s ]

[ 2017-05-10T15:52:13+08:00 ] ::1 /Loveinn/index.php/Home/Index/a_activities.html
INFO: [ app_init ] --START--
INFO: Run Behavior\BuildLiteBehavior [ RunTime:0.000014s ]
INFO: [ app_init ] --END-- [ RunTime:0.000595s ]
INFO: [ app_begin ] --START--
INFO: Run Behavior\ReadHtmlCacheBehavior [ RunTime:0.000772s ]
INFO: [ app_begin ] --END-- [ RunTime:0.000810s ]
SQL: SHOW COLUMNS FROM `agency` [ RunTime:0.0128s ]
SQL: SELECT * FROM `agency` WHERE ( username='333' )  [ RunTime:0.0003s ]
SQL: SHOW COLUMNS FROM `activity` [ RunTime:0.0085s ]
SQL: SHOW COLUMNS FROM `category` [ RunTime:0.0087s ]
SQL: SELECT activity.id AS id,activity.name AS name,activity.summary AS summary,activity.info AS info,activity.photo AS photo,activity.begintime AS begintime,activity.endtime AS endtime,activity.location AS location,activity.contact AS contact,activity.capacity AS capacity,activity.isend AS isend,category.name AS category_name,agency.name AS agency_name,agency.username AS agency_username FROM activity activity  JOIN category category ON activity.categoryid=category.id  JOIN agency agency ON activity.agencyid=agency.id WHERE ( username="333" and isend=0 ) ORDER BY activity.begintime ASC  [ RunTime:0.0005s ]
SQL: SELECT activity.id AS id,activity.name AS name,activity.summary AS summary,activity.info AS info,activity.photo AS photo,activity.begintime AS begintime,activity.endtime AS endtime,activity.location AS location,activity.contact AS contact,activity.capacity AS capacity,activity.isend AS isend,category.name AS category_name,agency.name AS agency_name,agency.username AS agency_username FROM activity activity  JOIN category category ON activity.categoryid=category.id  JOIN agency agency ON activity.agencyid=agency.id WHERE ( username="333" and isend=1 ) ORDER BY activity.endtime desc  [ RunTime:0.0005s ]
INFO: [ view_parse ] --START--
NOTIC: [2] file_get_contents(./Application/Home/View/Public/header.html): failed to open stream: No such file or directory D:\Apache24\htdocs\LoveInn\ThinkPHP\Library\Think\Template.class.php 第 696 行.
NOTIC: [2] file_get_contents(./Application/Home/View/Public/footer.html): failed to open stream: No such file or directory D:\Apache24\htdocs\LoveInn\ThinkPHP\Library\Think\Template.class.php 第 696 行.
INFO: [ template_filter ] --START--
INFO: Run Behavior\ContentReplaceBehavior [ RunTime:0.000096s ]
INFO: [ template_filter ] --END-- [ RunTime:0.000131s ]
INFO: Run Behavior\ParseTemplateBehavior [ RunTime:0.086451s ]
INFO: [ view_parse ] --END-- [ RunTime:0.086494s ]
INFO: [ view_filter ] --START--
INFO: Run Behavior\WriteHtmlCacheBehavior [ RunTime:0.000427s ]
INFO: [ view_filter ] --END-- [ RunTime:0.000467s ]
INFO: [ app_end ] --START--
INFO: Run Behavior\ShowPageTraceBehavior [ RunTime:0.000988s ]
INFO: [ app_end ] --END-- [ RunTime:0.001042s ]

[ 2017-05-10T15:52:15+08:00 ] ::1 /Loveinn/index.php/Home/Index/a_activity.html
INFO: [ app_init ] --START--
INFO: Run Behavior\BuildLiteBehavior [ RunTime:0.000009s ]
INFO: [ app_init ] --END-- [ RunTime:0.000289s ]
INFO: [ app_begin ] --START--
INFO: Run Behavior\ReadHtmlCacheBehavior [ RunTime:0.000595s ]
INFO: [ app_begin ] --END-- [ RunTime:0.000627s ]
SQL: SHOW COLUMNS FROM `agency` [ RunTime:0.0135s ]
SQL: SELECT * FROM `agency` WHERE ( username='333' )  [ RunTime:0.0003s ]
SQL: SHOW COLUMNS FROM `category` [ RunTime:0.0072s ]
SQL: SELECT * FROM `category`  [ RunTime:0.0002s ]
INFO: [ view_parse ] --START--
NOTIC: [2] file_get_contents(./Application/Home/View/Public/header.html): failed to open stream: No such file or directory D:\Apache24\htdocs\LoveInn\ThinkPHP\Library\Think\Template.class.php 第 696 行.
NOTIC: [2] file_get_contents(./Application/Home/View/Public/footer.html): failed to open stream: No such file or directory D:\Apache24\htdocs\LoveInn\ThinkPHP\Library\Think\Template.class.php 第 696 行.
INFO: [ template_filter ] --START--
INFO: Run Behavior\ContentReplaceBehavior [ RunTime:0.000086s ]
INFO: [ template_filter ] --END-- [ RunTime:0.000116s ]
NOTIC: [8] Undefined index: name D:\Apache24\htdocs\LoveInn\Application\Runtime\Cache\Home\402766046ad39e7b7cf592fcc4df65b0.php 第 227 行.
NOTIC: [8] Undefined index: begintime D:\Apache24\htdocs\LoveInn\Application\Runtime\Cache\Home\402766046ad39e7b7cf592fcc4df65b0.php 第 233 行.
NOTIC: [8] Undefined index: endtime D:\Apache24\htdocs\LoveInn\Application\Runtime\Cache\Home\402766046ad39e7b7cf592fcc4df65b0.php 第 239 行.
NOTIC: [8] Undefined index: location D:\Apache24\htdocs\LoveInn\Application\Runtime\Cache\Home\402766046ad39e7b7cf592fcc4df65b0.php 第 245 行.
NOTIC: [8] Undefined index: contact D:\Apache24\htdocs\LoveInn\Application\Runtime\Cache\Home\402766046ad39e7b7cf592fcc4df65b0.php 第 251 行.
NOTIC: [8] Undefined index: capacity D:\Apache24\htdocs\LoveInn\Application\Runtime\Cache\Home\402766046ad39e7b7cf592fcc4df65b0.php 第 257 行.
NOTIC: [8] Undefined index: selected D:\Apache24\htdocs\LoveInn\Application\Runtime\Cache\Home\402766046ad39e7b7cf592fcc4df65b0.php 第 264 行.
NOTIC: [8] Undefined index: selected D:\Apache24\htdocs\LoveInn\Application\Runtime\Cache\Home\402766046ad39e7b7cf592fcc4df65b0.php 第 264 行.
NOTIC: [8] Undefined index: selected D:\Apache24\htdocs\LoveInn\Application\Runtime\Cache\Home\402766046ad39e7b7cf592fcc4df65b0.php 第 264 行.
NOTIC: [8] Undefined index: selected D:\Apache24\htdocs\LoveInn\Application\Runtime\Cache\Home\402766046ad39e7b7cf592fcc4df65b0.php 第 264 行.
NOTIC: [8] Undefined index: summary D:\Apache24\htdocs\LoveInn\Application\Runtime\Cache\Home\402766046ad39e7b7cf592fcc4df65b0.php 第 271 行.
NOTIC: [8] Undefined index: info D:\Apache24\htdocs\LoveInn\Application\Runtime\Cache\Home\402766046ad39e7b7cf592fcc4df65b0.php 第 277 行.
INFO: Run Behavior\ParseTemplateBehavior [ RunTime:0.060357s ]
INFO: [ view_parse ] --END-- [ RunTime:0.060386s ]
INFO: [ view_filter ] --START--
INFO: Run Behavior\WriteHtmlCacheBehavior [ RunTime:0.000419s ]
INFO: [ view_filter ] --END-- [ RunTime:0.000441s ]
INFO: [ app_end ] --START--
INFO: Run Behavior\ShowPageTraceBehavior [ RunTime:0.000617s ]
INFO: [ app_end ] --END-- [ RunTime:0.000648s ]

[ 2017-05-10T15:52:29+08:00 ] ::1 /Loveinn/index.php/Home/Index/a_activity.html
INFO: [ app_init ] --START--
INFO: Run Behavior\BuildLiteBehavior [ RunTime:0.000010s ]
INFO: [ app_init ] --END-- [ RunTime:0.000348s ]
INFO: [ app_begin ] --START--
INFO: Run Behavior\ReadHtmlCacheBehavior [ RunTime:0.000773s ]
INFO: [ app_begin ] --END-- [ RunTime:0.000826s ]
SQL: SHOW COLUMNS FROM `agency` [ RunTime:0.0164s ]
SQL: SELECT * FROM `agency` WHERE ( username='333' )  [ RunTime:0.0003s ]
SQL: SHOW COLUMNS FROM `category` [ RunTime:0.0134s ]
SQL: SELECT * FROM `category`  [ RunTime:0.0002s ]
INFO: [ view_parse ] --START--
NOTIC: [2] file_get_contents(./Application/Home/View/Public/header.html): failed to open stream: No such file or directory D:\Apache24\htdocs\LoveInn\ThinkPHP\Library\Think\Template.class.php 第 696 行.
NOTIC: [2] file_get_contents(./Application/Home/View/Public/footer.html): failed to open stream: No such file or directory D:\Apache24\htdocs\LoveInn\ThinkPHP\Library\Think\Template.class.php 第 696 行.
INFO: [ template_filter ] --START--
INFO: Run Behavior\ContentReplaceBehavior [ RunTime:0.000087s ]
INFO: [ template_filter ] --END-- [ RunTime:0.000117s ]
NOTIC: [8] Undefined index: name D:\Apache24\htdocs\LoveInn\Application\Runtime\Cache\Home\402766046ad39e7b7cf592fcc4df65b0.php 第 227 行.
NOTIC: [8] Undefined index: begintime D:\Apache24\htdocs\LoveInn\Application\Runtime\Cache\Home\402766046ad39e7b7cf592fcc4df65b0.php 第 233 行.
NOTIC: [8] Undefined index: endtime D:\Apache24\htdocs\LoveInn\Application\Runtime\Cache\Home\402766046ad39e7b7cf592fcc4df65b0.php 第 239 行.
NOTIC: [8] Undefined index: location D:\Apache24\htdocs\LoveInn\Application\Runtime\Cache\Home\402766046ad39e7b7cf592fcc4df65b0.php 第 245 行.
NOTIC: [8] Undefined index: contact D:\Apache24\htdocs\LoveInn\Application\Runtime\Cache\Home\402766046ad39e7b7cf592fcc4df65b0.php 第 251 行.
NOTIC: [8] Undefined index: capacity D:\Apache24\htdocs\LoveInn\Application\Runtime\Cache\Home\402766046ad39e7b7cf592fcc4df65b0.php 第 257 行.
NOTIC: [8] Undefined index: selected D:\Apache24\htdocs\LoveInn\Application\Runtime\Cache\Home\402766046ad39e7b7cf592fcc4df65b0.php 第 264 行.
NOTIC: [8] Undefined index: selected D:\Apache24\htdocs\LoveInn\Application\Runtime\Cache\Home\402766046ad39e7b7cf592fcc4df65b0.php 第 264 行.
NOTIC: [8] Undefined index: selected D:\Apache24\htdocs\LoveInn\Application\Runtime\Cache\Home\402766046ad39e7b7cf592fcc4df65b0.php 第 264 行.
NOTIC: [8] Undefined index: selected D:\Apache24\htdocs\LoveInn\Application\Runtime\Cache\Home\402766046ad39e7b7cf592fcc4df65b0.php 第 264 行.
NOTIC: [8] Undefined index: summary D:\Apache24\htdocs\LoveInn\Application\Runtime\Cache\Home\402766046ad39e7b7cf592fcc4df65b0.php 第 271 行.
NOTIC: [8] Undefined index: info D:\Apache24\htdocs\LoveInn\Application\Runtime\Cache\Home\402766046ad39e7b7cf592fcc4df65b0.php 第 277 行.
INFO: Run Behavior\ParseTemplateBehavior [ RunTime:0.078572s ]
INFO: [ view_parse ] --END-- [ RunTime:0.078607s ]
INFO: [ view_filter ] --START--
INFO: Run Behavior\WriteHtmlCacheBehavior [ RunTime:0.000287s ]
INFO: [ view_filter ] --END-- [ RunTime:0.000317s ]
SQL: SHOW COLUMNS FROM `activity` [ RunTime:0.0213s ]
NOTIC: [2] call_user_func() expects parameter 1 to be a valid callback, no array or string given D:\Apache24\htdocs\LoveInn\ThinkPHP\Library\Think\Upload.class.php 第 170 行.
SQL: SELECT `id` FROM `agency` WHERE ( username="333" ) LIMIT 1   [ RunTime:0.0003s ]
SQL: INSERT INTO `activity` (`name`,`begintime`,`endtime`,`location`,`contact`,`capacity`,`categoryid`,`summary`,`info`,`photo`,`agencyid`) VALUES ('4214','2017-05-10 15:52','2017-05-14 15:55','3213','1424','2','2','421','12','/LoveInn/Public/Uploads/2017-05-10/5912c6bd62732.jpg','4') [ RunTime:0.0014s ]
SQL: SHOW COLUMNS FROM `apply` [ RunTime:0.0130s ]
SQL: SELECT apply.id AS id,apply.userid AS userid,apply.activityid AS activityid,activity.categoryid AS categoryid FROM apply apply  JOIN activity activity ON apply.activityid=activity.id WHERE apply.id = 'userid'  [ RunTime:0.0003s ]
INFO: [ app_end ] --START--
INFO: Run Behavior\ShowPageTraceBehavior [ RunTime:0.001962s ]
INFO: [ app_end ] --END-- [ RunTime:0.002019s ]

[ 2017-05-10T15:53:25+08:00 ] ::1 /Loveinn/index.php/Home/Index/a_activity.html
INFO: [ app_init ] --START--
INFO: Run Behavior\BuildLiteBehavior [ RunTime:0.000008s ]
INFO: [ app_init ] --END-- [ RunTime:0.000264s ]
INFO: [ app_begin ] --START--
INFO: Run Behavior\ReadHtmlCacheBehavior [ RunTime:0.000459s ]
INFO: [ app_begin ] --END-- [ RunTime:0.000486s ]
SQL: SHOW COLUMNS FROM `agency` [ RunTime:0.0123s ]
SQL: SELECT * FROM `agency` WHERE ( username='333' )  [ RunTime:0.0003s ]
SQL: SHOW COLUMNS FROM `category` [ RunTime:0.0082s ]
SQL: SELECT * FROM `category`  [ RunTime:0.0002s ]
INFO: [ view_parse ] --START--
NOTIC: [2] file_get_contents(./Application/Home/View/Public/header.html): failed to open stream: No such file or directory D:\Apache24\htdocs\LoveInn\ThinkPHP\Library\Think\Template.class.php 第 696 行.
NOTIC: [2] file_get_contents(./Application/Home/View/Public/footer.html): failed to open stream: No such file or directory D:\Apache24\htdocs\LoveInn\ThinkPHP\Library\Think\Template.class.php 第 696 行.
INFO: [ template_filter ] --START--
INFO: Run Behavior\ContentReplaceBehavior [ RunTime:0.000086s ]
INFO: [ template_filter ] --END-- [ RunTime:0.000113s ]
NOTIC: [8] Undefined index: name D:\Apache24\htdocs\LoveInn\Application\Runtime\Cache\Home\402766046ad39e7b7cf592fcc4df65b0.php 第 227 行.
NOTIC: [8] Undefined index: begintime D:\Apache24\htdocs\LoveInn\Application\Runtime\Cache\Home\402766046ad39e7b7cf592fcc4df65b0.php 第 233 行.
NOTIC: [8] Undefined index: endtime D:\Apache24\htdocs\LoveInn\Application\Runtime\Cache\Home\402766046ad39e7b7cf592fcc4df65b0.php 第 239 行.
NOTIC: [8] Undefined index: location D:\Apache24\htdocs\LoveInn\Application\Runtime\Cache\Home\402766046ad39e7b7cf592fcc4df65b0.php 第 245 行.
NOTIC: [8] Undefined index: contact D:\Apache24\htdocs\LoveInn\Application\Runtime\Cache\Home\402766046ad39e7b7cf592fcc4df65b0.php 第 251 行.
NOTIC: [8] Undefined index: capacity D:\Apache24\htdocs\LoveInn\Application\Runtime\Cache\Home\402766046ad39e7b7cf592fcc4df65b0.php 第 257 行.
NOTIC: [8] Undefined index: selected D:\Apache24\htdocs\LoveInn\Application\Runtime\Cache\Home\402766046ad39e7b7cf592fcc4df65b0.php 第 264 行.
NOTIC: [8] Undefined index: selected D:\Apache24\htdocs\LoveInn\Application\Runtime\Cache\Home\402766046ad39e7b7cf592fcc4df65b0.php 第 264 行.
NOTIC: [8] Undefined index: selected D:\Apache24\htdocs\LoveInn\Application\Runtime\Cache\Home\402766046ad39e7b7cf592fcc4df65b0.php 第 264 行.
NOTIC: [8] Undefined index: selected D:\Apache24\htdocs\LoveInn\Application\Runtime\Cache\Home\402766046ad39e7b7cf592fcc4df65b0.php 第 264 行.
NOTIC: [8] Undefined index: summary D:\Apache24\htdocs\LoveInn\Application\Runtime\Cache\Home\402766046ad39e7b7cf592fcc4df65b0.php 第 271 行.
NOTIC: [8] Undefined index: info D:\Apache24\htdocs\LoveInn\Application\Runtime\Cache\Home\402766046ad39e7b7cf592fcc4df65b0.php 第 277 行.
INFO: Run Behavior\ParseTemplateBehavior [ RunTime:0.067629s ]
INFO: [ view_parse ] --END-- [ RunTime:0.067665s ]
INFO: [ view_filter ] --START--
INFO: Run Behavior\WriteHtmlCacheBehavior [ RunTime:0.000425s ]
INFO: [ view_filter ] --END-- [ RunTime:0.000448s ]
SQL: SHOW COLUMNS FROM `activity` [ RunTime:0.0140s ]
NOTIC: [2] call_user_func() expects parameter 1 to be a valid callback, no array or string given D:\Apache24\htdocs\LoveInn\ThinkPHP\Library\Think\Upload.class.php 第 170 行.
SQL: SELECT `id` FROM `agency` WHERE ( username="333" ) LIMIT 1   [ RunTime:0.0003s ]
SQL: INSERT INTO `activity` (`name`,`begintime`,`endtime`,`location`,`contact`,`capacity`,`categoryid`,`summary`,`info`,`photo`,`agencyid`) VALUES ('4214','2017-05-10 15:52','2017-05-14 15:55','3213','1424','2','2','421','12','/LoveInn/Public/Uploads/2017-05-10/5912c6f4eb1a9.jpg','4') [ RunTime:0.0016s ]
SQL: SHOW COLUMNS FROM `apply` [ RunTime:0.0147s ]
SQL: SELECT apply.id AS id,apply.userid AS userid,apply.activityid AS activityid,activity.categoryid AS categoryid FROM apply apply  JOIN activity activity ON apply.activityid=activity.id WHERE ( categoryid=2 )  [ RunTime:0.0004s ]
INFO: [ app_end ] --START--
INFO: Run Behavior\ShowPageTraceBehavior [ RunTime:0.001086s ]
INFO: [ app_end ] --END-- [ RunTime:0.001143s ]

[ 2017-05-10T15:55:24+08:00 ] ::1 /Loveinn/index.php/Home/Index/a_activity.html
INFO: [ app_init ] --START--
INFO: Run Behavior\BuildLiteBehavior [ RunTime:0.000009s ]
INFO: [ app_init ] --END-- [ RunTime:0.000270s ]
INFO: [ app_begin ] --START--
INFO: Run Behavior\ReadHtmlCacheBehavior [ RunTime:0.000464s ]
INFO: [ app_begin ] --END-- [ RunTime:0.000493s ]
SQL: SHOW COLUMNS FROM `agency` [ RunTime:0.0134s ]
SQL: SELECT * FROM `agency` WHERE ( username='333' )  [ RunTime:0.0003s ]
SQL: SHOW COLUMNS FROM `category` [ RunTime:0.0074s ]
SQL: SELECT * FROM `category`  [ RunTime:0.0002s ]
INFO: [ view_parse ] --START--
NOTIC: [2] file_get_contents(./Application/Home/View/Public/header.html): failed to open stream: No such file or directory D:\Apache24\htdocs\LoveInn\ThinkPHP\Library\Think\Template.class.php 第 696 行.
NOTIC: [2] file_get_contents(./Application/Home/View/Public/footer.html): failed to open stream: No such file or directory D:\Apache24\htdocs\LoveInn\ThinkPHP\Library\Think\Template.class.php 第 696 行.
INFO: [ template_filter ] --START--
INFO: Run Behavior\ContentReplaceBehavior [ RunTime:0.000083s ]
INFO: [ template_filter ] --END-- [ RunTime:0.000107s ]
NOTIC: [8] Undefined index: name D:\Apache24\htdocs\LoveInn\Application\Runtime\Cache\Home\402766046ad39e7b7cf592fcc4df65b0.php 第 227 行.
NOTIC: [8] Undefined index: begintime D:\Apache24\htdocs\LoveInn\Application\Runtime\Cache\Home\402766046ad39e7b7cf592fcc4df65b0.php 第 233 行.
NOTIC: [8] Undefined index: endtime D:\Apache24\htdocs\LoveInn\Application\Runtime\Cache\Home\402766046ad39e7b7cf592fcc4df65b0.php 第 239 行.
NOTIC: [8] Undefined index: location D:\Apache24\htdocs\LoveInn\Application\Runtime\Cache\Home\402766046ad39e7b7cf592fcc4df65b0.php 第 245 行.
NOTIC: [8] Undefined index: contact D:\Apache24\htdocs\LoveInn\Application\Runtime\Cache\Home\402766046ad39e7b7cf592fcc4df65b0.php 第 251 行.
NOTIC: [8] Undefined index: capacity D:\Apache24\htdocs\LoveInn\Application\Runtime\Cache\Home\402766046ad39e7b7cf592fcc4df65b0.php 第 257 行.
NOTIC: [8] Undefined index: selected D:\Apache24\htdocs\LoveInn\Application\Runtime\Cache\Home\402766046ad39e7b7cf592fcc4df65b0.php 第 264 行.
NOTIC: [8] Undefined index: selected D:\Apache24\htdocs\LoveInn\Application\Runtime\Cache\Home\402766046ad39e7b7cf592fcc4df65b0.php 第 264 行.
NOTIC: [8] Undefined index: selected D:\Apache24\htdocs\LoveInn\Application\Runtime\Cache\Home\402766046ad39e7b7cf592fcc4df65b0.php 第 264 行.
NOTIC: [8] Undefined index: selected D:\Apache24\htdocs\LoveInn\Application\Runtime\Cache\Home\402766046ad39e7b7cf592fcc4df65b0.php 第 264 行.
NOTIC: [8] Undefined index: summary D:\Apache24\htdocs\LoveInn\Application\Runtime\Cache\Home\402766046ad39e7b7cf592fcc4df65b0.php 第 271 行.
NOTIC: [8] Undefined index: info D:\Apache24\htdocs\LoveInn\Application\Runtime\Cache\Home\402766046ad39e7b7cf592fcc4df65b0.php 第 277 行.
INFO: Run Behavior\ParseTemplateBehavior [ RunTime:0.062081s ]
INFO: [ view_parse ] --END-- [ RunTime:0.062109s ]
INFO: [ view_filter ] --START--
INFO: Run Behavior\WriteHtmlCacheBehavior [ RunTime:0.000487s ]
INFO: [ view_filter ] --END-- [ RunTime:0.000514s ]
SQL: SHOW COLUMNS FROM `activity` [ RunTime:0.0125s ]
NOTIC: [2] call_user_func() expects parameter 1 to be a valid callback, no array or string given D:\Apache24\htdocs\LoveInn\ThinkPHP\Library\Think\Upload.class.php 第 170 行.
SQL: SELECT `id` FROM `agency` WHERE ( username="333" ) LIMIT 1   [ RunTime:0.0003s ]
SQL: INSERT INTO `activity` (`name`,`begintime`,`endtime`,`location`,`contact`,`capacity`,`categoryid`,`summary`,`info`,`photo`,`agencyid`) VALUES ('4214','2017-05-10 15:52','2017-05-14 15:55','3213','1424','2','2','421','12','/LoveInn/Public/Uploads/2017-05-10/5912c76cd639a.jpg','4') [ RunTime:0.0018s ]
SQL: SHOW COLUMNS FROM `apply` [ RunTime:0.0376s ]
SQL: SELECT apply.userid AS userid FROM apply apply  JOIN activity activity ON apply.activityid=activity.id WHERE ( categoryid=2 )  [ RunTime:0.0004s ]
INFO: [ app_end ] --START--
INFO: Run Behavior\ShowPageTraceBehavior [ RunTime:0.001206s ]
INFO: [ app_end ] --END-- [ RunTime:0.001288s ]

[ 2017-05-10T15:55:31+08:00 ] ::1 /Loveinn/index.php/Home/Index/a_activities.html
INFO: [ app_init ] --START--
INFO: Run Behavior\BuildLiteBehavior [ RunTime:0.000008s ]
INFO: [ app_init ] --END-- [ RunTime:0.000254s ]
INFO: [ app_begin ] --START--
INFO: Run Behavior\ReadHtmlCacheBehavior [ RunTime:0.000526s ]
INFO: [ app_begin ] --END-- [ RunTime:0.000557s ]
SQL: SHOW COLUMNS FROM `agency` [ RunTime:0.0133s ]
SQL: SELECT * FROM `agency` WHERE ( username='333' )  [ RunTime:0.0003s ]
SQL: SHOW COLUMNS FROM `activity` [ RunTime:0.0090s ]
SQL: SHOW COLUMNS FROM `category` [ RunTime:0.0078s ]
SQL: SELECT activity.id AS id,activity.name AS name,activity.summary AS summary,activity.info AS info,activity.photo AS photo,activity.begintime AS begintime,activity.endtime AS endtime,activity.location AS location,activity.contact AS contact,activity.capacity AS capacity,activity.isend AS isend,category.name AS category_name,agency.name AS agency_name,agency.username AS agency_username FROM activity activity  JOIN category category ON activity.categoryid=category.id  JOIN agency agency ON activity.agencyid=agency.id WHERE ( username="333" and isend=0 ) ORDER BY activity.begintime ASC  [ RunTime:0.0007s ]
SQL: SELECT activity.id AS id,activity.name AS name,activity.summary AS summary,activity.info AS info,activity.photo AS photo,activity.begintime AS begintime,activity.endtime AS endtime,activity.location AS location,activity.contact AS contact,activity.capacity AS capacity,activity.isend AS isend,category.name AS category_name,agency.name AS agency_name,agency.username AS agency_username FROM activity activity  JOIN category category ON activity.categoryid=category.id  JOIN agency agency ON activity.agencyid=agency.id WHERE ( username="333" and isend=1 ) ORDER BY activity.endtime desc  [ RunTime:0.0005s ]
INFO: [ view_parse ] --START--
NOTIC: [2] file_get_contents(./Application/Home/View/Public/header.html): failed to open stream: No such file or directory D:\Apache24\htdocs\LoveInn\ThinkPHP\Library\Think\Template.class.php 第 696 行.
NOTIC: [2] file_get_contents(./Application/Home/View/Public/footer.html): failed to open stream: No such file or directory D:\Apache24\htdocs\LoveInn\ThinkPHP\Library\Think\Template.class.php 第 696 行.
INFO: [ template_filter ] --START--
INFO: Run Behavior\ContentReplaceBehavior [ RunTime:0.000112s ]
INFO: [ template_filter ] --END-- [ RunTime:0.000167s ]
INFO: Run Behavior\ParseTemplateBehavior [ RunTime:0.078306s ]
INFO: [ view_parse ] --END-- [ RunTime:0.078344s ]
INFO: [ view_filter ] --START--
INFO: Run Behavior\WriteHtmlCacheBehavior [ RunTime:0.000421s ]
INFO: [ view_filter ] --END-- [ RunTime:0.000445s ]
INFO: [ app_end ] --START--
INFO: Run Behavior\ShowPageTraceBehavior [ RunTime:0.001336s ]
INFO: [ app_end ] --END-- [ RunTime:0.001560s ]

