[ 2017-04-08T20:33:46+08:00 ] ::1 /Loveinn/
INFO: [ app_init ] --START--
INFO: Run Behavior\BuildLiteBehavior [ RunTime:0.000021s ]
INFO: [ app_init ] --END-- [ RunTime:0.018277s ]
INFO: [ app_begin ] --START--
INFO: Run Behavior\ReadHtmlCacheBehavior [ RunTime:0.030816s ]
INFO: [ app_begin ] --END-- [ RunTime:0.030891s ]

[ 2017-04-08T20:33:47+08:00 ] ::1 /Loveinn/index.php/Home/Index/login.html
INFO: [ app_init ] --START--
INFO: Run Behavior\BuildLiteBehavior [ RunTime:0.000013s ]
INFO: [ app_init ] --END-- [ RunTime:0.000404s ]
INFO: [ app_begin ] --START--
INFO: Run Behavior\ReadHtmlCacheBehavior [ RunTime:0.000514s ]
INFO: [ app_begin ] --END-- [ RunTime:0.000565s ]
INFO: [ view_parse ] --START--
INFO: [ template_filter ] --START--
INFO: Run Behavior\ContentReplaceBehavior [ RunTime:0.001366s ]
INFO: [ template_filter ] --END-- [ RunTime:0.001442s ]
INFO: Run Behavior\ParseTemplateBehavior [ RunTime:0.499399s ]
INFO: [ view_parse ] --END-- [ RunTime:0.499471s ]
INFO: [ view_filter ] --START--
INFO: Run Behavior\WriteHtmlCacheBehavior [ RunTime:0.013089s ]
INFO: [ view_filter ] --END-- [ RunTime:0.013143s ]
INFO: [ app_end ] --START--
INFO: Run Behavior\ShowPageTraceBehavior [ RunTime:0.013567s ]
INFO: [ app_end ] --END-- [ RunTime:0.013619s ]

[ 2017-04-08T20:33:51+08:00 ] ::1 /Loveinn/index.php/Home/Index/login.html
INFO: [ app_init ] --START--
INFO: Run Behavior\BuildLiteBehavior [ RunTime:0.000012s ]
INFO: [ app_init ] --END-- [ RunTime:0.000412s ]
INFO: [ app_begin ] --START--
INFO: Run Behavior\ReadHtmlCacheBehavior [ RunTime:0.000433s ]
INFO: [ app_begin ] --END-- [ RunTime:0.000469s ]
INFO: [ view_parse ] --START--
INFO: [ template_filter ] --START--
INFO: Run Behavior\ContentReplaceBehavior [ RunTime:0.000057s ]
INFO: [ template_filter ] --END-- [ RunTime:0.000119s ]
INFO: Run Behavior\ParseTemplateBehavior [ RunTime:0.008436s ]
INFO: [ view_parse ] --END-- [ RunTime:0.008524s ]
INFO: [ view_filter ] --START--
INFO: Run Behavior\WriteHtmlCacheBehavior [ RunTime:0.000384s ]
INFO: [ view_filter ] --END-- [ RunTime:0.000423s ]
SQL: SHOW COLUMNS FROM `agency` [ RunTime:0.0273s ]
SQL: SELECT * FROM `agency` WHERE ( username="333" and password="bcbe3365e6ac95ea2c0343a2395834dd" )  [ RunTime:0.0023s ]

[ 2017-04-08T20:33:53+08:00 ] ::1 /Loveinn/index.php/Home/Index.html
INFO: [ app_init ] --START--
INFO: Run Behavior\BuildLiteBehavior [ RunTime:0.000012s ]
INFO: [ app_init ] --END-- [ RunTime:0.000399s ]
INFO: [ app_begin ] --START--
INFO: Run Behavior\ReadHtmlCacheBehavior [ RunTime:0.000611s ]
INFO: [ app_begin ] --END-- [ RunTime:0.000657s ]
SQL: SHOW COLUMNS FROM `agency` [ RunTime:0.0146s ]
SQL: SELECT * FROM `agency` WHERE ( username='333' )  [ RunTime:0.0004s ]
SQL: SHOW COLUMNS FROM `volunteer` [ RunTime:0.0458s ]
SQL: SELECT * FROM `volunteer` ORDER BY id  [ RunTime:0.0004s ]
INFO: [ view_parse ] --START--
NOTIC: [2] file_get_contents(./Application/Home/View/Public/header.html): failed to open stream: No such file or directory D:\Apache24\htdocs\LoveInn\ThinkPHP\Library\Think\Template.class.php 第 696 行.
NOTIC: [2] file_get_contents(./Application/Home/View/Public/footer.html): failed to open stream: No such file or directory D:\Apache24\htdocs\LoveInn\ThinkPHP\Library\Think\Template.class.php 第 696 行.
INFO: [ template_filter ] --START--
INFO: Run Behavior\ContentReplaceBehavior [ RunTime:0.000080s ]
INFO: [ template_filter ] --END-- [ RunTime:0.000143s ]
INFO: Run Behavior\ParseTemplateBehavior [ RunTime:0.229364s ]
INFO: [ view_parse ] --END-- [ RunTime:0.229422s ]
INFO: [ view_filter ] --START--
INFO: Run Behavior\WriteHtmlCacheBehavior [ RunTime:0.000262s ]
INFO: [ view_filter ] --END-- [ RunTime:0.000296s ]
INFO: [ app_end ] --START--
INFO: Run Behavior\ShowPageTraceBehavior [ RunTime:0.000653s ]
INFO: [ app_end ] --END-- [ RunTime:0.000684s ]

[ 2017-04-08T20:33:55+08:00 ] ::1 /Loveinn/index.php/Home/Index/a_activities.html
INFO: [ app_init ] --START--
INFO: Run Behavior\BuildLiteBehavior [ RunTime:0.000015s ]
INFO: [ app_init ] --END-- [ RunTime:0.000447s ]
INFO: [ app_begin ] --START--
INFO: Run Behavior\ReadHtmlCacheBehavior [ RunTime:0.000485s ]
INFO: [ app_begin ] --END-- [ RunTime:0.000532s ]
SQL: SHOW COLUMNS FROM `agency` [ RunTime:0.0189s ]
SQL: SELECT * FROM `agency` WHERE ( username='333' )  [ RunTime:0.0003s ]
SQL: SHOW COLUMNS FROM `activity` [ RunTime:0.0361s ]
SQL: SHOW COLUMNS FROM `category` [ RunTime:0.0379s ]
SQL: SELECT activity.id AS id,activity.name AS name,activity.summary AS summary,activity.info AS info,activity.photo AS photo,activity.begintime AS begintime,activity.endtime AS endtime,activity.location AS location,activity.contact AS contact,activity.capacity AS capacity,activity.isend AS isend,category.name AS category_name,agency.name AS agency_name,agency.username AS agency_username FROM activity activity  JOIN category category ON activity.categoryid=category.id  JOIN agency agency ON activity.agencyid=agency.id WHERE ( username="333" and isend=0 ) ORDER BY activity.begintime ASC  [ RunTime:0.0026s ]
SQL: SELECT activity.id AS id,activity.name AS name,activity.summary AS summary,activity.info AS info,activity.photo AS photo,activity.begintime AS begintime,activity.endtime AS endtime,activity.location AS location,activity.contact AS contact,activity.capacity AS capacity,activity.isend AS isend,category.name AS category_name,agency.name AS agency_name,agency.username AS agency_username FROM activity activity  JOIN category category ON activity.categoryid=category.id  JOIN agency agency ON activity.agencyid=agency.id WHERE ( username="333" and isend=1 ) ORDER BY activity.endtime desc  [ RunTime:0.0007s ]
INFO: [ view_parse ] --START--
NOTIC: [2] file_get_contents(./Application/Home/View/Public/header.html): failed to open stream: No such file or directory D:\Apache24\htdocs\LoveInn\ThinkPHP\Library\Think\Template.class.php 第 696 行.
NOTIC: [2] file_get_contents(./Application/Home/View/Public/footer.html): failed to open stream: No such file or directory D:\Apache24\htdocs\LoveInn\ThinkPHP\Library\Think\Template.class.php 第 696 行.
INFO: [ template_filter ] --START--
INFO: Run Behavior\ContentReplaceBehavior [ RunTime:0.000119s ]
INFO: [ template_filter ] --END-- [ RunTime:0.000194s ]
INFO: Run Behavior\ParseTemplateBehavior [ RunTime:0.370397s ]
INFO: [ view_parse ] --END-- [ RunTime:0.370464s ]
INFO: [ view_filter ] --START--
INFO: Run Behavior\WriteHtmlCacheBehavior [ RunTime:0.000282s ]
INFO: [ view_filter ] --END-- [ RunTime:0.000317s ]
INFO: [ app_end ] --START--
INFO: Run Behavior\ShowPageTraceBehavior [ RunTime:0.001217s ]
INFO: [ app_end ] --END-- [ RunTime:0.001390s ]

[ 2017-04-08T20:33:58+08:00 ] ::1 /Loveinn/index.php/Home/Index/a_rate/id/3.html
INFO: [ app_init ] --START--
INFO: Run Behavior\BuildLiteBehavior [ RunTime:0.000012s ]
INFO: [ app_init ] --END-- [ RunTime:0.000379s ]
INFO: [ app_begin ] --START--
INFO: Run Behavior\ReadHtmlCacheBehavior [ RunTime:0.000472s ]
INFO: [ app_begin ] --END-- [ RunTime:0.000516s ]
SQL: SHOW COLUMNS FROM `agency` [ RunTime:0.0296s ]
SQL: SELECT * FROM `agency` WHERE ( username='333' )  [ RunTime:0.0003s ]
SQL: SHOW COLUMNS FROM `activity` [ RunTime:0.0127s ]
SQL: SELECT `isend` FROM `activity` WHERE ( id=3 ) LIMIT 1   [ RunTime:0.0005s ]
SQL: SELECT `israte` FROM `activity` WHERE ( id=3 ) LIMIT 1   [ RunTime:0.0003s ]
SQL: SELECT `name` FROM `activity` WHERE ( id=3 ) LIMIT 1   [ RunTime:0.0001s ]
SQL: SHOW COLUMNS FROM `apply` [ RunTime:0.0342s ]
SQL: SHOW COLUMNS FROM `volunteer` [ RunTime:0.0129s ]
SQL: SELECT apply.id AS id,apply.userid AS user_id,apply.activityid AS activity_id,apply.time AS time,apply.rate AS rate,apply.isjoin AS isjoin,volunteer.username AS user_name,volunteer.realname AS user_realname,volunteer.money AS user_money,activity.name AS activity_name FROM apply apply  JOIN volunteer volunteer ON apply.userid=volunteer.id  JOIN activity activity ON apply.activityid=activity.id WHERE ( activityid=3 and isjoin=1 )  [ RunTime:0.0007s ]
INFO: [ view_parse ] --START--
NOTIC: [2] file_get_contents(./Application/Home/View/Public/header.html): failed to open stream: No such file or directory D:\Apache24\htdocs\LoveInn\ThinkPHP\Library\Think\Template.class.php 第 696 行.
NOTIC: [2] file_get_contents(./Application/Home/View/Public/footer.html): failed to open stream: No such file or directory D:\Apache24\htdocs\LoveInn\ThinkPHP\Library\Think\Template.class.php 第 696 行.
INFO: [ template_filter ] --START--
INFO: Run Behavior\ContentReplaceBehavior [ RunTime:0.000098s ]
INFO: [ template_filter ] --END-- [ RunTime:0.000158s ]
INFO: Run Behavior\ParseTemplateBehavior [ RunTime:0.320703s ]
INFO: [ view_parse ] --END-- [ RunTime:0.320827s ]
INFO: [ view_filter ] --START--
INFO: Run Behavior\WriteHtmlCacheBehavior [ RunTime:0.000329s ]
INFO: [ view_filter ] --END-- [ RunTime:0.000404s ]
INFO: [ app_end ] --START--
INFO: Run Behavior\ShowPageTraceBehavior [ RunTime:0.000935s ]
INFO: [ app_end ] --END-- [ RunTime:0.000986s ]

[ 2017-04-08T20:34:45+08:00 ] ::1 /Loveinn/index.php/Home/Index/a_activities.html
INFO: [ app_init ] --START--
INFO: Run Behavior\BuildLiteBehavior [ RunTime:0.000007s ]
INFO: [ app_init ] --END-- [ RunTime:0.000227s ]
INFO: [ app_begin ] --START--
INFO: Run Behavior\ReadHtmlCacheBehavior [ RunTime:0.000282s ]
INFO: [ app_begin ] --END-- [ RunTime:0.000306s ]
SQL: SHOW COLUMNS FROM `agency` [ RunTime:0.0127s ]
SQL: SELECT * FROM `agency` WHERE ( username='333' )  [ RunTime:0.0003s ]
SQL: SHOW COLUMNS FROM `activity` [ RunTime:0.0077s ]
SQL: SHOW COLUMNS FROM `category` [ RunTime:0.0073s ]
SQL: SELECT activity.id AS id,activity.name AS name,activity.summary AS summary,activity.info AS info,activity.photo AS photo,activity.begintime AS begintime,activity.endtime AS endtime,activity.location AS location,activity.contact AS contact,activity.capacity AS capacity,activity.isend AS isend,category.name AS category_name,agency.name AS agency_name,agency.username AS agency_username FROM activity activity  JOIN category category ON activity.categoryid=category.id  JOIN agency agency ON activity.agencyid=agency.id WHERE ( username="333" and isend=0 ) ORDER BY activity.begintime ASC  [ RunTime:0.0006s ]
SQL: SELECT activity.id AS id,activity.name AS name,activity.summary AS summary,activity.info AS info,activity.photo AS photo,activity.begintime AS begintime,activity.endtime AS endtime,activity.location AS location,activity.contact AS contact,activity.capacity AS capacity,activity.isend AS isend,category.name AS category_name,agency.name AS agency_name,agency.username AS agency_username FROM activity activity  JOIN category category ON activity.categoryid=category.id  JOIN agency agency ON activity.agencyid=agency.id WHERE ( username="333" and isend=1 ) ORDER BY activity.endtime desc  [ RunTime:0.0006s ]
INFO: [ view_parse ] --START--
NOTIC: [2] file_get_contents(./Application/Home/View/Public/header.html): failed to open stream: No such file or directory D:\Apache24\htdocs\LoveInn\ThinkPHP\Library\Think\Template.class.php 第 696 行.
NOTIC: [2] file_get_contents(./Application/Home/View/Public/footer.html): failed to open stream: No such file or directory D:\Apache24\htdocs\LoveInn\ThinkPHP\Library\Think\Template.class.php 第 696 行.
INFO: [ template_filter ] --START--
INFO: Run Behavior\ContentReplaceBehavior [ RunTime:0.000083s ]
INFO: [ template_filter ] --END-- [ RunTime:0.000111s ]
INFO: Run Behavior\ParseTemplateBehavior [ RunTime:0.150537s ]
INFO: [ view_parse ] --END-- [ RunTime:0.150583s ]
INFO: [ view_filter ] --START--
INFO: Run Behavior\WriteHtmlCacheBehavior [ RunTime:0.000210s ]
INFO: [ view_filter ] --END-- [ RunTime:0.000234s ]
INFO: [ app_end ] --START--
INFO: Run Behavior\ShowPageTraceBehavior [ RunTime:0.000599s ]
INFO: [ app_end ] --END-- [ RunTime:0.000651s ]

[ 2017-04-08T20:34:48+08:00 ] ::1 /Loveinn/index.php/Home/Index/a_rate/id/3.html
INFO: [ app_init ] --START--
INFO: Run Behavior\BuildLiteBehavior [ RunTime:0.000009s ]
INFO: [ app_init ] --END-- [ RunTime:0.000282s ]
INFO: [ app_begin ] --START--
INFO: Run Behavior\ReadHtmlCacheBehavior [ RunTime:0.000326s ]
INFO: [ app_begin ] --END-- [ RunTime:0.000354s ]
SQL: SHOW COLUMNS FROM `agency` [ RunTime:0.0134s ]
SQL: SELECT * FROM `agency` WHERE ( username='333' )  [ RunTime:0.0004s ]
SQL: SHOW COLUMNS FROM `activity` [ RunTime:0.0078s ]
SQL: SELECT `isend` FROM `activity` WHERE ( id=3 ) LIMIT 1   [ RunTime:0.0002s ]
SQL: SELECT `israte` FROM `activity` WHERE ( id=3 ) LIMIT 1   [ RunTime:0.0001s ]
SQL: SELECT `name` FROM `activity` WHERE ( id=3 ) LIMIT 1   [ RunTime:0.0002s ]
SQL: SHOW COLUMNS FROM `apply` [ RunTime:0.0097s ]
SQL: SHOW COLUMNS FROM `volunteer` [ RunTime:0.0072s ]
SQL: SELECT apply.id AS id,apply.userid AS user_id,apply.activityid AS activity_id,apply.time AS time,apply.rate AS rate,apply.isjoin AS isjoin,volunteer.username AS user_name,volunteer.realname AS user_realname,volunteer.money AS user_money,activity.name AS activity_name FROM apply apply  JOIN volunteer volunteer ON apply.userid=volunteer.id  JOIN activity activity ON apply.activityid=activity.id WHERE ( activityid=3 and isjoin=1 )  [ RunTime:0.0003s ]
INFO: [ view_parse ] --START--
NOTIC: [2] file_get_contents(./Application/Home/View/Public/header.html): failed to open stream: No such file or directory D:\Apache24\htdocs\LoveInn\ThinkPHP\Library\Think\Template.class.php 第 696 行.
NOTIC: [2] file_get_contents(./Application/Home/View/Public/footer.html): failed to open stream: No such file or directory D:\Apache24\htdocs\LoveInn\ThinkPHP\Library\Think\Template.class.php 第 696 行.
INFO: [ template_filter ] --START--
INFO: Run Behavior\ContentReplaceBehavior [ RunTime:0.000085s ]
INFO: [ template_filter ] --END-- [ RunTime:0.000135s ]
INFO: Run Behavior\ParseTemplateBehavior [ RunTime:0.103687s ]
INFO: [ view_parse ] --END-- [ RunTime:0.103735s ]
INFO: [ view_filter ] --START--
INFO: Run Behavior\WriteHtmlCacheBehavior [ RunTime:0.000245s ]
INFO: [ view_filter ] --END-- [ RunTime:0.000289s ]
INFO: [ app_end ] --START--
INFO: Run Behavior\ShowPageTraceBehavior [ RunTime:0.000807s ]
INFO: [ app_end ] --END-- [ RunTime:0.000873s ]

[ 2017-04-08T20:34:51+08:00 ] ::1 /Loveinn/index.php/Home/Index/a_activities.html
INFO: [ app_init ] --START--
INFO: Run Behavior\BuildLiteBehavior [ RunTime:0.000008s ]
INFO: [ app_init ] --END-- [ RunTime:0.000304s ]
INFO: [ app_begin ] --START--
INFO: Run Behavior\ReadHtmlCacheBehavior [ RunTime:0.000328s ]
INFO: [ app_begin ] --END-- [ RunTime:0.000353s ]
SQL: SHOW COLUMNS FROM `agency` [ RunTime:0.0122s ]
SQL: SELECT * FROM `agency` WHERE ( username='333' )  [ RunTime:0.0003s ]
SQL: SHOW COLUMNS FROM `activity` [ RunTime:0.0074s ]
SQL: SHOW COLUMNS FROM `category` [ RunTime:0.0070s ]
SQL: SELECT activity.id AS id,activity.name AS name,activity.summary AS summary,activity.info AS info,activity.photo AS photo,activity.begintime AS begintime,activity.endtime AS endtime,activity.location AS location,activity.contact AS contact,activity.capacity AS capacity,activity.isend AS isend,category.name AS category_name,agency.name AS agency_name,agency.username AS agency_username FROM activity activity  JOIN category category ON activity.categoryid=category.id  JOIN agency agency ON activity.agencyid=agency.id WHERE ( username="333" and isend=0 ) ORDER BY activity.begintime ASC  [ RunTime:0.0006s ]
SQL: SELECT activity.id AS id,activity.name AS name,activity.summary AS summary,activity.info AS info,activity.photo AS photo,activity.begintime AS begintime,activity.endtime AS endtime,activity.location AS location,activity.contact AS contact,activity.capacity AS capacity,activity.isend AS isend,category.name AS category_name,agency.name AS agency_name,agency.username AS agency_username FROM activity activity  JOIN category category ON activity.categoryid=category.id  JOIN agency agency ON activity.agencyid=agency.id WHERE ( username="333" and isend=1 ) ORDER BY activity.endtime desc  [ RunTime:0.0005s ]
INFO: [ view_parse ] --START--
NOTIC: [2] file_get_contents(./Application/Home/View/Public/header.html): failed to open stream: No such file or directory D:\Apache24\htdocs\LoveInn\ThinkPHP\Library\Think\Template.class.php 第 696 行.
NOTIC: [2] file_get_contents(./Application/Home/View/Public/footer.html): failed to open stream: No such file or directory D:\Apache24\htdocs\LoveInn\ThinkPHP\Library\Think\Template.class.php 第 696 行.
INFO: [ template_filter ] --START--
INFO: Run Behavior\ContentReplaceBehavior [ RunTime:0.000115s ]
INFO: [ template_filter ] --END-- [ RunTime:0.000161s ]
INFO: Run Behavior\ParseTemplateBehavior [ RunTime:0.111711s ]
INFO: [ view_parse ] --END-- [ RunTime:0.111757s ]
INFO: [ view_filter ] --START--
INFO: Run Behavior\WriteHtmlCacheBehavior [ RunTime:0.000183s ]
INFO: [ view_filter ] --END-- [ RunTime:0.000204s ]
INFO: [ app_end ] --START--
INFO: Run Behavior\ShowPageTraceBehavior [ RunTime:0.000346s ]
INFO: [ app_end ] --END-- [ RunTime:0.000374s ]

