[ 2017-05-09T21:26:24+08:00 ] ::1 /Loveinn/
INFO: [ app_init ] --START--
INFO: Run Behavior\BuildLiteBehavior [ RunTime:0.000015s ]
INFO: [ app_init ] --END-- [ RunTime:0.011665s ]
INFO: [ app_begin ] --START--
INFO: Run Behavior\ReadHtmlCacheBehavior [ RunTime:0.012774s ]
INFO: [ app_begin ] --END-- [ RunTime:0.012819s ]

[ 2017-05-09T21:26:24+08:00 ] ::1 /Loveinn/index.php/Home/Index/login.html
INFO: [ app_init ] --START--
INFO: Run Behavior\BuildLiteBehavior [ RunTime:0.000007s ]
INFO: [ app_init ] --END-- [ RunTime:0.000241s ]
INFO: [ app_begin ] --START--
INFO: Run Behavior\ReadHtmlCacheBehavior [ RunTime:0.000280s ]
INFO: [ app_begin ] --END-- [ RunTime:0.000304s ]
INFO: [ view_parse ] --START--
INFO: [ template_filter ] --START--
INFO: Run Behavior\ContentReplaceBehavior [ RunTime:0.001442s ]
INFO: [ template_filter ] --END-- [ RunTime:0.001506s ]
INFO: Run Behavior\ParseTemplateBehavior [ RunTime:0.161010s ]
INFO: [ view_parse ] --END-- [ RunTime:0.161057s ]
INFO: [ view_filter ] --START--
INFO: Run Behavior\WriteHtmlCacheBehavior [ RunTime:0.008831s ]
INFO: [ view_filter ] --END-- [ RunTime:0.008870s ]
INFO: [ app_end ] --START--
INFO: Run Behavior\ShowPageTraceBehavior [ RunTime:0.012182s ]
INFO: [ app_end ] --END-- [ RunTime:0.012221s ]

[ 2017-05-09T21:26:31+08:00 ] ::1 /Loveinn/index.php/Home/Index/login.html
INFO: [ app_init ] --START--
INFO: Run Behavior\BuildLiteBehavior [ RunTime:0.000008s ]
INFO: [ app_init ] --END-- [ RunTime:0.000291s ]
INFO: [ app_begin ] --START--
INFO: Run Behavior\ReadHtmlCacheBehavior [ RunTime:0.000396s ]
INFO: [ app_begin ] --END-- [ RunTime:0.000422s ]
INFO: [ view_parse ] --START--
INFO: [ template_filter ] --START--
INFO: Run Behavior\ContentReplaceBehavior [ RunTime:0.000052s ]
INFO: [ template_filter ] --END-- [ RunTime:0.000099s ]
INFO: Run Behavior\ParseTemplateBehavior [ RunTime:0.006055s ]
INFO: [ view_parse ] --END-- [ RunTime:0.006093s ]
INFO: [ view_filter ] --START--
INFO: Run Behavior\WriteHtmlCacheBehavior [ RunTime:0.000237s ]
INFO: [ view_filter ] --END-- [ RunTime:0.000257s ]
SQL: SHOW COLUMNS FROM `agency` [ RunTime:0.0266s ]
SQL: SELECT * FROM `agency` WHERE ( username="333" and password="bcbe3365e6ac95ea2c0343a2395834dd" )  [ RunTime:0.0021s ]

[ 2017-05-09T21:26:32+08:00 ] ::1 /Loveinn/index.php/Home/Index.html
INFO: [ app_init ] --START--
INFO: Run Behavior\BuildLiteBehavior [ RunTime:0.000015s ]
INFO: [ app_init ] --END-- [ RunTime:0.000489s ]
INFO: [ app_begin ] --START--
INFO: Run Behavior\ReadHtmlCacheBehavior [ RunTime:0.000485s ]
INFO: [ app_begin ] --END-- [ RunTime:0.000530s ]
SQL: SHOW COLUMNS FROM `agency` [ RunTime:0.0155s ]
SQL: SELECT * FROM `agency` WHERE ( username='333' )  [ RunTime:0.0003s ]
SQL: SHOW COLUMNS FROM `volunteer` [ RunTime:0.0202s ]
SQL: SELECT * FROM `volunteer` ORDER BY id  [ RunTime:0.0006s ]
INFO: [ view_parse ] --START--
NOTIC: [2] file_get_contents(./Application/Home/View/Public/header.html): failed to open stream: No such file or directory D:\Apache24\htdocs\LoveInn\ThinkPHP\Library\Think\Template.class.php 第 696 行.
NOTIC: [2] file_get_contents(./Application/Home/View/Public/footer.html): failed to open stream: No such file or directory D:\Apache24\htdocs\LoveInn\ThinkPHP\Library\Think\Template.class.php 第 696 行.
INFO: [ template_filter ] --START--
INFO: Run Behavior\ContentReplaceBehavior [ RunTime:0.000679s ]
INFO: [ template_filter ] --END-- [ RunTime:0.000811s ]
INFO: Run Behavior\ParseTemplateBehavior [ RunTime:0.155139s ]
INFO: [ view_parse ] --END-- [ RunTime:0.155192s ]
INFO: [ view_filter ] --START--
INFO: Run Behavior\WriteHtmlCacheBehavior [ RunTime:0.000232s ]
INFO: [ view_filter ] --END-- [ RunTime:0.000260s ]
INFO: [ app_end ] --START--
INFO: Run Behavior\ShowPageTraceBehavior [ RunTime:0.000521s ]
INFO: [ app_end ] --END-- [ RunTime:0.000547s ]

[ 2017-05-09T21:26:33+08:00 ] ::1 /Loveinn/index.php/Home/Index/a_activities.html
INFO: [ app_init ] --START--
INFO: Run Behavior\BuildLiteBehavior [ RunTime:0.000011s ]
INFO: [ app_init ] --END-- [ RunTime:0.000295s ]
INFO: [ app_begin ] --START--
INFO: Run Behavior\ReadHtmlCacheBehavior [ RunTime:0.000387s ]
INFO: [ app_begin ] --END-- [ RunTime:0.000419s ]
SQL: SHOW COLUMNS FROM `agency` [ RunTime:0.0101s ]
SQL: SELECT * FROM `agency` WHERE ( username='333' )  [ RunTime:0.0003s ]
SQL: SHOW COLUMNS FROM `activity` [ RunTime:0.0170s ]
SQL: SHOW COLUMNS FROM `category` [ RunTime:0.0158s ]
SQL: SELECT activity.id AS id,activity.name AS name,activity.summary AS summary,activity.info AS info,activity.photo AS photo,activity.begintime AS begintime,activity.endtime AS endtime,activity.location AS location,activity.contact AS contact,activity.capacity AS capacity,activity.isend AS isend,category.name AS category_name,agency.name AS agency_name,agency.username AS agency_username FROM activity activity  JOIN category category ON activity.categoryid=category.id  JOIN agency agency ON activity.agencyid=agency.id WHERE ( username="333" and isend=0 ) ORDER BY activity.begintime ASC  [ RunTime:0.0046s ]
SQL: SELECT activity.id AS id,activity.name AS name,activity.summary AS summary,activity.info AS info,activity.photo AS photo,activity.begintime AS begintime,activity.endtime AS endtime,activity.location AS location,activity.contact AS contact,activity.capacity AS capacity,activity.isend AS isend,category.name AS category_name,agency.name AS agency_name,agency.username AS agency_username FROM activity activity  JOIN category category ON activity.categoryid=category.id  JOIN agency agency ON activity.agencyid=agency.id WHERE ( username="333" and isend=1 ) ORDER BY activity.endtime desc  [ RunTime:0.0005s ]
INFO: [ view_parse ] --START--
NOTIC: [2] file_get_contents(./Application/Home/View/Public/header.html): failed to open stream: No such file or directory D:\Apache24\htdocs\LoveInn\ThinkPHP\Library\Think\Template.class.php 第 696 行.
NOTIC: [2] file_get_contents(./Application/Home/View/Public/footer.html): failed to open stream: No such file or directory D:\Apache24\htdocs\LoveInn\ThinkPHP\Library\Think\Template.class.php 第 696 行.
INFO: [ template_filter ] --START--
INFO: Run Behavior\ContentReplaceBehavior [ RunTime:0.000102s ]
INFO: [ template_filter ] --END-- [ RunTime:0.000147s ]
INFO: Run Behavior\ParseTemplateBehavior [ RunTime:0.079946s ]
INFO: [ view_parse ] --END-- [ RunTime:0.079988s ]
INFO: [ view_filter ] --START--
INFO: Run Behavior\WriteHtmlCacheBehavior [ RunTime:0.000174s ]
INFO: [ view_filter ] --END-- [ RunTime:0.000193s ]
INFO: [ app_end ] --START--
INFO: Run Behavior\ShowPageTraceBehavior [ RunTime:0.000664s ]
INFO: [ app_end ] --END-- [ RunTime:0.000708s ]

[ 2017-05-09T21:26:35+08:00 ] ::1 /Loveinn/index.php/Home/Index/a_activity.html
INFO: [ app_init ] --START--
INFO: Run Behavior\BuildLiteBehavior [ RunTime:0.000009s ]
INFO: [ app_init ] --END-- [ RunTime:0.000267s ]
INFO: [ app_begin ] --START--
INFO: Run Behavior\ReadHtmlCacheBehavior [ RunTime:0.000341s ]
INFO: [ app_begin ] --END-- [ RunTime:0.000377s ]
SQL: SHOW COLUMNS FROM `agency` [ RunTime:0.0111s ]
SQL: SELECT * FROM `agency` WHERE ( username='333' )  [ RunTime:0.0005s ]
SQL: SHOW COLUMNS FROM `category` [ RunTime:0.0081s ]
SQL: SELECT * FROM `category`  [ RunTime:0.0002s ]
INFO: [ view_parse ] --START--
NOTIC: [2] file_get_contents(./Application/Home/View/Public/header.html): failed to open stream: No such file or directory D:\Apache24\htdocs\LoveInn\ThinkPHP\Library\Think\Template.class.php 第 696 行.
NOTIC: [2] file_get_contents(./Application/Home/View/Public/footer.html): failed to open stream: No such file or directory D:\Apache24\htdocs\LoveInn\ThinkPHP\Library\Think\Template.class.php 第 696 行.
INFO: [ template_filter ] --START--
INFO: Run Behavior\ContentReplaceBehavior [ RunTime:0.000101s ]
INFO: [ template_filter ] --END-- [ RunTime:0.000132s ]
NOTIC: [8] Undefined index: name D:\Apache24\htdocs\LoveInn\Application\Runtime\Cache\Home\402766046ad39e7b7cf592fcc4df65b0.php 第 227 行.
NOTIC: [8] Undefined index: begintime D:\Apache24\htdocs\LoveInn\Application\Runtime\Cache\Home\402766046ad39e7b7cf592fcc4df65b0.php 第 233 行.
NOTIC: [8] Undefined index: endtime D:\Apache24\htdocs\LoveInn\Application\Runtime\Cache\Home\402766046ad39e7b7cf592fcc4df65b0.php 第 239 行.
NOTIC: [8] Undefined index: location D:\Apache24\htdocs\LoveInn\Application\Runtime\Cache\Home\402766046ad39e7b7cf592fcc4df65b0.php 第 245 行.
NOTIC: [8] Undefined index: contact D:\Apache24\htdocs\LoveInn\Application\Runtime\Cache\Home\402766046ad39e7b7cf592fcc4df65b0.php 第 251 行.
NOTIC: [8] Undefined index: capacity D:\Apache24\htdocs\LoveInn\Application\Runtime\Cache\Home\402766046ad39e7b7cf592fcc4df65b0.php 第 257 行.
NOTIC: [8] Undefined index: selected D:\Apache24\htdocs\LoveInn\Application\Runtime\Cache\Home\402766046ad39e7b7cf592fcc4df65b0.php 第 264 行.
NOTIC: [8] Undefined index: selected D:\Apache24\htdocs\LoveInn\Application\Runtime\Cache\Home\402766046ad39e7b7cf592fcc4df65b0.php 第 264 行.
NOTIC: [8] Undefined index: selected D:\Apache24\htdocs\LoveInn\Application\Runtime\Cache\Home\402766046ad39e7b7cf592fcc4df65b0.php 第 264 行.
NOTIC: [8] Undefined index: selected D:\Apache24\htdocs\LoveInn\Application\Runtime\Cache\Home\402766046ad39e7b7cf592fcc4df65b0.php 第 264 行.
NOTIC: [8] Undefined index: summary D:\Apache24\htdocs\LoveInn\Application\Runtime\Cache\Home\402766046ad39e7b7cf592fcc4df65b0.php 第 271 行.
NOTIC: [8] Undefined index: info D:\Apache24\htdocs\LoveInn\Application\Runtime\Cache\Home\402766046ad39e7b7cf592fcc4df65b0.php 第 277 行.
INFO: Run Behavior\ParseTemplateBehavior [ RunTime:0.062273s ]
INFO: [ view_parse ] --END-- [ RunTime:0.062305s ]
INFO: [ view_filter ] --START--
INFO: Run Behavior\WriteHtmlCacheBehavior [ RunTime:0.000176s ]
INFO: [ view_filter ] --END-- [ RunTime:0.000194s ]
INFO: [ app_end ] --START--
INFO: Run Behavior\ShowPageTraceBehavior [ RunTime:0.000491s ]
INFO: [ app_end ] --END-- [ RunTime:0.000518s ]

[ 2017-05-09T21:27:00+08:00 ] ::1 /Loveinn/index.php/Home/Index/a_activity.html
INFO: [ app_init ] --START--
INFO: Run Behavior\BuildLiteBehavior [ RunTime:0.000011s ]
INFO: [ app_init ] --END-- [ RunTime:0.000397s ]
INFO: [ app_begin ] --START--
INFO: Run Behavior\ReadHtmlCacheBehavior [ RunTime:0.000745s ]
INFO: [ app_begin ] --END-- [ RunTime:0.000792s ]
SQL: SHOW COLUMNS FROM `agency` [ RunTime:0.0130s ]
SQL: SELECT * FROM `agency` WHERE ( username='333' )  [ RunTime:0.0003s ]
SQL: SHOW COLUMNS FROM `category` [ RunTime:0.0074s ]
SQL: SELECT * FROM `category`  [ RunTime:0.0002s ]
INFO: [ view_parse ] --START--
NOTIC: [2] file_get_contents(./Application/Home/View/Public/header.html): failed to open stream: No such file or directory D:\Apache24\htdocs\LoveInn\ThinkPHP\Library\Think\Template.class.php 第 696 行.
NOTIC: [2] file_get_contents(./Application/Home/View/Public/footer.html): failed to open stream: No such file or directory D:\Apache24\htdocs\LoveInn\ThinkPHP\Library\Think\Template.class.php 第 696 行.
INFO: [ template_filter ] --START--
INFO: Run Behavior\ContentReplaceBehavior [ RunTime:0.000096s ]
INFO: [ template_filter ] --END-- [ RunTime:0.000132s ]
NOTIC: [8] Undefined index: name D:\Apache24\htdocs\LoveInn\Application\Runtime\Cache\Home\402766046ad39e7b7cf592fcc4df65b0.php 第 227 行.
NOTIC: [8] Undefined index: begintime D:\Apache24\htdocs\LoveInn\Application\Runtime\Cache\Home\402766046ad39e7b7cf592fcc4df65b0.php 第 233 行.
NOTIC: [8] Undefined index: endtime D:\Apache24\htdocs\LoveInn\Application\Runtime\Cache\Home\402766046ad39e7b7cf592fcc4df65b0.php 第 239 行.
NOTIC: [8] Undefined index: location D:\Apache24\htdocs\LoveInn\Application\Runtime\Cache\Home\402766046ad39e7b7cf592fcc4df65b0.php 第 245 行.
NOTIC: [8] Undefined index: contact D:\Apache24\htdocs\LoveInn\Application\Runtime\Cache\Home\402766046ad39e7b7cf592fcc4df65b0.php 第 251 行.
NOTIC: [8] Undefined index: capacity D:\Apache24\htdocs\LoveInn\Application\Runtime\Cache\Home\402766046ad39e7b7cf592fcc4df65b0.php 第 257 行.
NOTIC: [8] Undefined index: selected D:\Apache24\htdocs\LoveInn\Application\Runtime\Cache\Home\402766046ad39e7b7cf592fcc4df65b0.php 第 264 行.
NOTIC: [8] Undefined index: selected D:\Apache24\htdocs\LoveInn\Application\Runtime\Cache\Home\402766046ad39e7b7cf592fcc4df65b0.php 第 264 行.
NOTIC: [8] Undefined index: selected D:\Apache24\htdocs\LoveInn\Application\Runtime\Cache\Home\402766046ad39e7b7cf592fcc4df65b0.php 第 264 行.
NOTIC: [8] Undefined index: selected D:\Apache24\htdocs\LoveInn\Application\Runtime\Cache\Home\402766046ad39e7b7cf592fcc4df65b0.php 第 264 行.
NOTIC: [8] Undefined index: summary D:\Apache24\htdocs\LoveInn\Application\Runtime\Cache\Home\402766046ad39e7b7cf592fcc4df65b0.php 第 271 行.
NOTIC: [8] Undefined index: info D:\Apache24\htdocs\LoveInn\Application\Runtime\Cache\Home\402766046ad39e7b7cf592fcc4df65b0.php 第 277 行.
INFO: Run Behavior\ParseTemplateBehavior [ RunTime:0.074738s ]
INFO: [ view_parse ] --END-- [ RunTime:0.074772s ]
INFO: [ view_filter ] --START--
INFO: Run Behavior\WriteHtmlCacheBehavior [ RunTime:0.000375s ]
INFO: [ view_filter ] --END-- [ RunTime:0.000396s ]
SQL: SHOW COLUMNS FROM `activity` [ RunTime:0.0165s ]
NOTIC: [2] call_user_func() expects parameter 1 to be a valid callback, no array or string given D:\Apache24\htdocs\LoveInn\ThinkPHP\Library\Think\Upload.class.php 第 170 行.
SQL: SELECT `id` FROM `agency` WHERE ( username="333" ) LIMIT 1   [ RunTime:0.0018s ]
SQL: INSERT INTO `activity` (`name`,`begintime`,`endtime`,`location`,`contact`,`capacity`,`categoryid`,`summary`,`info`,`photo`,`agencyid`) VALUES ('测试活动','2017-05-09 09:25','2017-05-12 14:50','1243','412414','123','2','333','123','/LoveInn/Public/Uploads/2017-05-09/5911c3a0d6a59.jpg','4') [ RunTime:0.2770s ]

[ 2017-05-09T21:27:01+08:00 ] ::1 /Loveinn/index.php/Home/Index/a_activities.html
INFO: [ app_init ] --START--
INFO: Run Behavior\BuildLiteBehavior [ RunTime:0.000020s ]
INFO: [ app_init ] --END-- [ RunTime:0.000718s ]
INFO: [ app_begin ] --START--
INFO: Run Behavior\ReadHtmlCacheBehavior [ RunTime:0.001567s ]
INFO: [ app_begin ] --END-- [ RunTime:0.001631s ]
SQL: SHOW COLUMNS FROM `agency` [ RunTime:0.0140s ]
SQL: SELECT * FROM `agency` WHERE ( username='333' )  [ RunTime:0.0002s ]
SQL: SHOW COLUMNS FROM `activity` [ RunTime:0.0093s ]
SQL: SHOW COLUMNS FROM `category` [ RunTime:0.0118s ]
SQL: SELECT activity.id AS id,activity.name AS name,activity.summary AS summary,activity.info AS info,activity.photo AS photo,activity.begintime AS begintime,activity.endtime AS endtime,activity.location AS location,activity.contact AS contact,activity.capacity AS capacity,activity.isend AS isend,category.name AS category_name,agency.name AS agency_name,agency.username AS agency_username FROM activity activity  JOIN category category ON activity.categoryid=category.id  JOIN agency agency ON activity.agencyid=agency.id WHERE ( username="333" and isend=0 ) ORDER BY activity.begintime ASC  [ RunTime:0.0007s ]
SQL: SELECT activity.id AS id,activity.name AS name,activity.summary AS summary,activity.info AS info,activity.photo AS photo,activity.begintime AS begintime,activity.endtime AS endtime,activity.location AS location,activity.contact AS contact,activity.capacity AS capacity,activity.isend AS isend,category.name AS category_name,agency.name AS agency_name,agency.username AS agency_username FROM activity activity  JOIN category category ON activity.categoryid=category.id  JOIN agency agency ON activity.agencyid=agency.id WHERE ( username="333" and isend=1 ) ORDER BY activity.endtime desc  [ RunTime:0.0006s ]
INFO: [ view_parse ] --START--
NOTIC: [2] file_get_contents(./Application/Home/View/Public/header.html): failed to open stream: No such file or directory D:\Apache24\htdocs\LoveInn\ThinkPHP\Library\Think\Template.class.php 第 696 行.
NOTIC: [2] file_get_contents(./Application/Home/View/Public/footer.html): failed to open stream: No such file or directory D:\Apache24\htdocs\LoveInn\ThinkPHP\Library\Think\Template.class.php 第 696 行.
INFO: [ template_filter ] --START--
INFO: Run Behavior\ContentReplaceBehavior [ RunTime:0.000114s ]
INFO: [ template_filter ] --END-- [ RunTime:0.000175s ]
INFO: Run Behavior\ParseTemplateBehavior [ RunTime:0.146949s ]
INFO: [ view_parse ] --END-- [ RunTime:0.147015s ]
INFO: [ view_filter ] --START--
INFO: Run Behavior\WriteHtmlCacheBehavior [ RunTime:0.001453s ]
INFO: [ view_filter ] --END-- [ RunTime:0.001504s ]
INFO: [ app_end ] --START--
INFO: Run Behavior\ShowPageTraceBehavior [ RunTime:0.003636s ]
INFO: [ app_end ] --END-- [ RunTime:0.003700s ]

